Arguments: 
  /opt/homebrew/Cellar/node/15.14.0/bin/node /opt/homebrew/bin/yarn

PATH: 
  /Users/james/.virtualenvs/base/bin:/Users/james/.bin/flucoma:/usr/local/opt/python@3.8/bin:/Users/james/.bin:/Users/james/.cargo/bin:/Users/james/.pyenv/bin:/Users/james/.nimble/bin:/opt/homebrew/bin:/opt/local/homebrew:/opt/local/bin:/opt/homebrew/Cellar/fzf/0.25.1/bin:/opt/homebrew/opt/fzf/bin:/Users/james/.virtualenvs/base/bin:/usr/local/bin:/usr/bin:/bin:/usr/sbin:/sbin:/Library/Apple/usr/bin

Yarn version: 
  1.22.10

Node version: 
  15.14.0

Platform: 
  darwin arm64

Trace: 
  SyntaxError: /Users/james/dev/webdev/phd-kit/package.json: Unexpected token } in JSON at position 317
      at JSON.parse (<anonymous>)
      at /opt/homebrew/lib/node_modules/yarn/lib/cli.js:1625:59
      at Generator.next (<anonymous>)
      at step (/opt/homebrew/lib/node_modules/yarn/lib/cli.js:310:30)
      at /opt/homebrew/lib/node_modules/yarn/lib/cli.js:321:13

npm manifest: 
  {
    "name": "~TODO~",
    "version": "0.0.1",
    "scripts": {
      "dev": "svelte-kit dev",
      "build": "svelte-kit build",
      "start": "svelte-kit start"
    },
    "devDependencies": {
      "@sveltejs/adapter-node": "next",
      "@sveltejs/kit": "next",
      "svelte": "^3.29.0",
      "vite": "^2.1.0",
      "d3": "^6.7.0",
    },
    "type": "module",
    "dependencies": {
      "mdsvex": "^0.9.0",
      "peaks.js": "^0.25.0",
      "tone": "^14.7.77"
    }
  }

yarn manifest: 
  No manifest

Lockfile: 
  No lockfile
